[dotenv@17.3.1] injecting env (0) from .env -- tip: ⚙️  write to custom object with { processEnv: myObject }
=== SERVER CONFIGURATION ===
Admin password loaded from .env: hkgdadmin2024
Password length: 13
============================
HKGD API server running on https://0.0.0.0:19132
Fetching platformer demons from Pemonlist API...
Successfully fetched unknown platformer demons
Fetching platformer demons from Pemonlist API...
Successfully fetched unknown platformer demons
Fetching platformer demons from Pemonlist API...
Successfully fetched unknown platformer demons
Fetching platformer demons from Pemonlist API...
Successfully fetched unknown platformer demons
Fetching platformer demons from Pemonlist API...
Successfully fetched unknown platformer demons
Fetching platformer demons from Pemonlist API...
Successfully fetched unknown platformer demons
Fetching platformer demons from Pemonlist API...
Successfully fetched unknown platformer demons
Fetching platformer demons from Pemonlist API...
Successfully fetched unknown platformer demons
Cleaned up old session attempts. Active sessions: 0
Cleaned up old session attempts. Active sessions: 0
Cleaned up old session attempts. Active sessions: 0
Cleaned up old session attempts. Active sessions: 0
Cleaned up old session attempts. Active sessions: 0
Cleaned up old session attempts. Active sessions: 0
Cleaned up old session attempts. Active sessions: 0
Cleaned up old session attempts. Active sessions: 0
